<?xml version="1.0" encoding="UTF-8"?>
<!-- Generated by org.testng.reporters.JUnitXMLReporter -->
<testsuite hostname="Prabhakar-PC" ignored="1" name="Default test" tests="3" failures="0" timestamp="31 Jan 2018 12:22:14 GMT" time="49.278" errors="0">
  <testcase name="GetTitle" time="0.103" classname="com.maven.TestScript.HomePageTest"/>
  <testcase name="DemoLink" time="2.37" classname="com.maven.TestScript.HomePageTest"/>
  <testcase name="OrderLink" time="3.459" classname="com.maven.TestScript.HomePageTest"/>
  <testcase name="validatelogin" time="0.0" classname="com.maven.TestScript.HomePageTest">
    <ignored/>
  </testcase> <!-- validatelogin -->
</testsuite> <!-- Default test -->
