<?xml version="1.0" encoding="UTF-8"?>
<!-- Generated by org.testng.reporters.JUnitXMLReporter -->
<testsuite hostname="Prabhakar-PC" ignored="0" name="Default test" tests="3" failures="0" timestamp="21 Jan 2018 18:39:00 GMT" time="31.531" errors="0">
  <testcase name="t1" time="31.427" classname="com.maven.selenium.MultiWindow"/>
  <testcase name="test1" time="0.002" classname="com.maven.selenium.Git_Confirmation"/>
  <testcase name="Test1" time="0.002" classname="com.maven.selenium.Maven_Jenkins"/>
</testsuite> <!-- Default test -->
