<?xml version="1.0" encoding="UTF-8"?>
<!-- Generated by org.testng.reporters.JUnitXMLReporter -->
<testsuite hostname="Prabhakar-PC" ignored="0" name="Test" tests="3" failures="0" timestamp="27 Jan 2018 19:36:38 GMT" time="32.422" errors="0">
  <testcase name="Test1" time="0.03" classname="com.maven.selenium.Maven_Jenkins"/>
  <testcase name="test1" time="0.004" classname="com.maven.selenium.Git_Confirmation"/>
  <testcase name="t1" time="32.3" classname="com.maven.selenium.MultiWindow"/>
</testsuite> <!-- Test -->
